
Showing logs for build [32mcb-kubecd-bdd-gh-1568240145-pr-1[0m stage [32mmeta-pipeline[0m and container [32mstep-credential-initializer-vgbbg[0m
{"level":"warn","ts":1568240438.2713873,"logger":"fallback-logger","caller":"logging/config.go:69","msg":"Fetch GitHub commit ID from kodata failed: \"ref: refs/heads/master\" is not a valid GitHub commit ID"}
{"level":"info","ts":1568240438.2744203,"logger":"fallback-logger","caller":"creds-init/main.go:40","msg":"Credentials initialized."}

Showing logs for build [32mcb-kubecd-bdd-gh-1568240145-pr-1[0m stage [32mmeta-pipeline[0m and container [32mstep-working-dir-initializer-2cqkb[0m
{"level":"warn","ts":1568240439.6623478,"logger":"fallback-logger","caller":"logging/config.go:69","msg":"Fetch GitHub commit ID from kodata failed: open /var/run/ko/HEAD: no such file or directory"}
{"level":"info","ts":1568240439.663554,"logger":"fallback-logger","caller":"bash/main.go:65","msg":"Successfully executed command \"mkdir -p /workspace/source\""}

Showing logs for build [32mcb-kubecd-bdd-gh-1568240145-pr-1[0m stage [32mmeta-pipeline[0m and container [32mstep-place-tools[0m

Showing logs for build [32mcb-kubecd-bdd-gh-1568240145-pr-1[0m stage [32mmeta-pipeline[0m and container [32mstep-git-source-meta-cb-kubecd-bdd-gh-156824014-x6l27[0m
{"level":"warn","ts":1568240445.7289283,"logger":"fallback-logger","caller":"logging/config.go:69","msg":"Fetch GitHub commit ID from kodata failed: \"ref: refs/heads/master\" is not a valid GitHub commit ID"}
{"level":"info","ts":1568240446.805365,"logger":"fallback-logger","caller":"git/git.go:102","msg":"Successfully cloned https://github.com/cb-kubecd/bdd-gh-1568240145.git @ 71ba2d5720f62e2e0cde5aa032b02621f279ed15 in path /workspace/source"}

Showing logs for build [32mcb-kubecd-bdd-gh-1568240145-pr-1[0m stage [32mmeta-pipeline[0m and container [32mstep-git-merge[0m
Using SHAs from PULL_REFS=master:71ba2d5720f62e2e0cde5aa032b02621f279ed15,1:086d0ffc4d26cfb4e4165fe619e69cca3e306f1e
DEBUG: ran git fetch --unshallow origin 086d0ffc4d26cfb4e4165fe619e69cca3e306f1e: 71ba2d5720f62e2e0cde5aa032b02621f279ed15: in 
DEBUG: ran git checkout master in 
DEBUG: ran git reset --hard 71ba2d5720f62e2e0cde5aa032b02621f279ed15 in 
DEBUG: ran clean --force -d . in 
DEBUG: ran git merge 086d0ffc4d26cfb4e4165fe619e69cca3e306f1e in 
Merged SHA 086d0ffc4d26cfb4e4165fe619e69cca3e306f1e with commit message 'My first PR commit' into base branch master

Showing logs for build [32mcb-kubecd-bdd-gh-1568240145-pr-1[0m stage [32mmeta-pipeline[0m and container [32mstep-merge-pull-refs[0m
DEBUG: ran git fetch origin 086d0ffc4d26cfb4e4165fe619e69cca3e306f1e: 71ba2d5720f62e2e0cde5aa032b02621f279ed15: in 
DEBUG: Unshallowed git repo in 
DEBUG: ran git checkout master in 
DEBUG: ran git reset --hard 71ba2d5720f62e2e0cde5aa032b02621f279ed15 in 
DEBUG: ran clean --force -d . in 
DEBUG: ran git merge 086d0ffc4d26cfb4e4165fe619e69cca3e306f1e in 
Merged SHA 086d0ffc4d26cfb4e4165fe619e69cca3e306f1e with commit message 'My first PR commit' into base branch master

Showing logs for build [32mcb-kubecd-bdd-gh-1568240145-pr-1[0m stage [32mmeta-pipeline[0m and container [32mstep-create-effective-pipeline[0m
Deleting and cloning the Jenkins X versions repo
Cloning the Jenkins X versions repo https://github.com/jenkins-x/jenkins-x-versions.git with ref refs/heads/master to /builder/home/.**/jenkins-x-versions
Effective pipeline written to jenkins-x-serverless-jenkins-effective.yml

Showing logs for build [32mcb-kubecd-bdd-gh-1568240145-pr-1[0m stage [32mmeta-pipeline[0m and container [32mstep-create-tekton-crds[0m
PipelineActivity for cb-kubecd-bdd-gh-1568240145-PR-1-1
Applying changes 
upserted PipelineResource cb-kubecd-bdd-gh-1568240145-pr for the git repository https://github.com/cb-kubecd/bdd-gh-1568240145.git
upserted Task cb-kubecd-bdd-gh-1568240145-pr-from-build-pack-1
upserted Pipeline cb-kubecd-bdd-gh-1568240145-pr-1
created PipelineRun cb-kubecd-bdd-gh-1568240145-pr-1
created PipelineStructure cb-kubecd-bdd-gh-1568240145-pr-1

Showing logs for build [32mcb-kubecd-bdd-gh-1568240145-pr-1[0m stage [32mfrom-build-pack[0m and container [32mstep-credential-initializer-497rj[0m
{"level":"warn","ts":1568240458.5276818,"logger":"fallback-logger","caller":"logging/config.go:69","msg":"Fetch GitHub commit ID from kodata failed: \"ref: refs/heads/master\" is not a valid GitHub commit ID"}
{"level":"info","ts":1568240458.5282557,"logger":"fallback-logger","caller":"creds-init/main.go:40","msg":"Credentials initialized."}

Showing logs for build [32mcb-kubecd-bdd-gh-1568240145-pr-1[0m stage [32mfrom-build-pack[0m and container [32mstep-working-dir-initializer-jhng2[0m
{"level":"warn","ts":1568240459.5099843,"logger":"fallback-logger","caller":"logging/config.go:69","msg":"Fetch GitHub commit ID from kodata failed: open /var/run/ko/HEAD: no such file or directory"}
{"level":"info","ts":1568240459.5146372,"logger":"fallback-logger","caller":"bash/main.go:65","msg":"Successfully executed command \"mkdir -p /workspace/source /workspace/source/charts/preview\""}

Showing logs for build [32mcb-kubecd-bdd-gh-1568240145-pr-1[0m stage [32mfrom-build-pack[0m and container [32mstep-place-tools[0m

Showing logs for build [32mcb-kubecd-bdd-gh-1568240145-pr-1[0m stage [32mfrom-build-pack[0m and container [32mstep-git-source-cb-kubecd-bdd-gh-1568240145-pr-n6p66[0m
{"level":"warn","ts":1568240464.6184993,"logger":"fallback-logger","caller":"logging/config.go:69","msg":"Fetch GitHub commit ID from kodata failed: \"ref: refs/heads/master\" is not a valid GitHub commit ID"}
{"level":"info","ts":1568240465.7039666,"logger":"fallback-logger","caller":"git/git.go:102","msg":"Successfully cloned https://github.com/cb-kubecd/bdd-gh-1568240145.git @ master in path /workspace/source"}

Showing logs for build [32mcb-kubecd-bdd-gh-1568240145-pr-1[0m stage [32mfrom-build-pack[0m and container [32mstep-git-merge[0m
Using SHAs from PULL_REFS=master:71ba2d5720f62e2e0cde5aa032b02621f279ed15,1:086d0ffc4d26cfb4e4165fe619e69cca3e306f1e
DEBUG: ran git fetch --unshallow origin 086d0ffc4d26cfb4e4165fe619e69cca3e306f1e: 71ba2d5720f62e2e0cde5aa032b02621f279ed15: in 
DEBUG: ran git checkout master in 
DEBUG: ran git reset --hard 71ba2d5720f62e2e0cde5aa032b02621f279ed15 in 
DEBUG: ran clean --force -d . in 
DEBUG: ran git merge 086d0ffc4d26cfb4e4165fe619e69cca3e306f1e in 
Merged SHA 086d0ffc4d26cfb4e4165fe619e69cca3e306f1e with commit message 'My first PR commit' into base branch master

Showing logs for build [32mcb-kubecd-bdd-gh-1568240145-pr-1[0m stage [32mfrom-build-pack[0m and container [32mstep-build-make-linux[0m
CGO_ENABLED=0 GOOS=linux GOARCH=amd64 GO15VENDOREXPERIMENT=1 go build -ldflags '' -o bin/bdd-gh-1568240145 main.go

Showing logs for build [32mcb-kubecd-bdd-gh-1568240145-pr-1[0m stage [32mfrom-build-pack[0m and container [32mstep-build-container-build[0m
[36mINFO[0m[0000] No base image, nothing to extract            
[36mINFO[0m[0000] cmd: EXPOSE                                  
[36mINFO[0m[0000] Adding exposed port: 8080/tcp                
[36mINFO[0m[0000] Using files from context: [/workspace/source/bin] 
[36mINFO[0m[0000] Skipping unpacking as no commands require it. 
[36mINFO[0m[0000] Taking snapshot of full filesystem...        
[36mINFO[0m[0000] EXPOSE 8080                                  
[36mINFO[0m[0000] cmd: EXPOSE                                  
[36mINFO[0m[0000] Adding exposed port: 8080/tcp                
[36mINFO[0m[0000] No files changed in this command, skipping snapshotting. 
[36mINFO[0m[0000] ENTRYPOINT ["/bdd-gh-1568240145"]            
[36mINFO[0m[0000] No files changed in this command, skipping snapshotting. 
[36mINFO[0m[0000] Using files from context: [/workspace/source/bin] 
[36mINFO[0m[0000] COPY ./bin/ /                                
[36mINFO[0m[0000] Taking snapshot of files...                  
2019/09/11 22:21:17 pushed blob: sha256:a8924e44420081378d439e1e6e1fea420589c0119b7ae3da016ed098b9815574
2019/09/11 22:21:17 pushed blob: sha256:45e19f8a66f2688259661c481377f34ebb0f1c3b354b63a192e05271a4863ff0
2019/09/11 22:21:19 gcr.io/jenkins-x-bdd3/bdd-gh-1568240145:0.0.0-SNAPSHOT-PR-1-1: digest: sha256:decc69053ac83b01e009835f51a81c6c0afdcf6984a396737599fbd51130b6c4 size: 428

Showing logs for build [32mcb-kubecd-bdd-gh-1568240145-pr-1[0m stage [32mfrom-build-pack[0m and container [32mstep-postbuild-post-build[0m
no CVE provider running in the current ** namespace so skip adding image to be analysed

Showing logs for build [32mcb-kubecd-bdd-gh-1568240145-pr-1[0m stage [32mfrom-build-pack[0m and container [32mstep-promote-make-preview[0m
sed -i -e "s/version:.*/version: 0.0.0-SNAPSHOT-PR-1-1/" Chart.yaml
sed -i -e "s/version:.*/version: 0.0.0-SNAPSHOT-PR-1-1/" ../*/Chart.yaml
sed -i -e "s|repository:.*|repository: gcr.io\/jenkins-x-bdd3\/bdd-gh-1568240145|" values.yaml
sed -i -e "s/tag:.*/tag: 0.0.0-SNAPSHOT-PR-1-1/" values.yaml
echo "  version: 0.0.0-SNAPSHOT-PR-1-1" >> requirements.yaml
** step helm build
WARNING: No $CHART_REPOSITORY defined so using the default value of: http://jenkins-x-chartmuseum:8080
Adding missing Helm repo: storage.googleapis.com https://storage.googleapis.com/chartmuseum.jenkins-x.io
Successfully added Helm repository storage.googleapis.com.
Adding missing Helm repo: jenkins-x-chartmuseum http://jenkins-x-chartmuseum:8080
Successfully added Helm repository jenkins-x-chartmuseum.
WARNING: No $CHART_REPOSITORY defined so using the default value of: http://jenkins-x-chartmuseum:8080
Adding missing Helm repo: chartmuseum.jenkins-x.io http://chartmuseum.jenkins-x.io
Successfully added Helm repository chartmuseum.jenkins-x.io.

Showing logs for build [32mcb-kubecd-bdd-gh-1568240145-pr-1[0m stage [32mfrom-build-pack[0m and container [32mstep-promote-jx-preview[0m
Creating a preview
WARNING: No author for commit: 086d0ffc4d26cfb4e4165fe619e69cca3e306f1e
Created environment cb-kubecd-bdd-gh-1568240145-pr-1
Namespace **-cb-kubecd-bdd-gh-1568240145-pr-1 created 
expose:
  Annotations:
    helm.sh/hook: post-install,post-upgrade
    helm.sh/hook-delete-policy: hook-succeeded
  config:
    domain: 35.187.63.70.nip.io
    exposer: Ingress
    http: "true"
preview:
  image:
    repository: gcr.io/jenkins-x-bdd3/bdd-gh-1568240145
    tag: 0.0.0-SNAPSHOT-PR-1-1
Deleting and cloning the Jenkins X versions repo
Cloning the Jenkins X versions repo https://github.com/jenkins-x/jenkins-x-versions.git with ref refs/heads/master to /builder/home/.**/jenkins-x-versions


Updating PipelineActivities cb-kubecd-bdd-gh-1568240145-pr-1-1 which has status Running
Preview application is now available at: http://bdd-gh-1568240145.**-cb-kubecd-bdd-gh-1568240145-pr-1.35.187.63.70.nip.io
